[16:24:15] [ServerMain/INFO]: [bootstrap] Running Java 21 (OpenJDK 64-Bit Server VM 21.0.7+6-Ubuntu-0ubuntu124.04; Ubuntu null) on Linux 6.8.0-1027-azure (amd64)
[16:24:15] [ServerMain/INFO]: [bootstrap] Loading Paper 1.21.1-57-master@b483da4 (2024-09-01T18:09:05Z) for Minecraft 1.21.1
[16:24:15] [ServerMain/INFO]: [PluginInitializerManager] Initializing plugins...
[16:24:15] [ServerMain/INFO]: [PluginInitializerManager] Initialized 0 plugins
[16:24:16] [Paper Plugin Remapper Thread - 0/INFO]: [ReobfServer] Remapping server...
[16:24:22] [ServerMain/INFO]: Environment: Environment[sessionHost=https://sessionserver.mojang.com, servicesHost=https://api.minecraftservices.com, name=PROD]
[16:24:22] [ServerMain/INFO]: Found new data pack file/bukkit, loading it automatically
[16:24:22] [ServerMain/INFO]: Found new data pack paper, loading it automatically
[16:24:23] [ServerMain/INFO]: No existing world data, creating new world
[16:24:24] [Paper Plugin Remapper Thread - 0/INFO]: [ReobfServer] Done remapping server in 7790ms.
[16:24:24] [ServerMain/INFO]: Loaded 1290 recipes
[16:24:24] [ServerMain/INFO]: Loaded 1399 advancements
[16:24:25] [Server thread/INFO]: Starting minecraft server version 1.21.1
[16:24:25] [Server thread/INFO]: Loading properties
[16:24:25] [Server thread/INFO]: This server is running Paper version 1.21.1-57-master@b483da4 (2024-09-01T18:09:05Z) (Implementing API version 1.21.1-R0.1-SNAPSHOT)
[16:24:26] [Server thread/INFO]: [spark] This server bundles the spark profiler. For more information please visit https://docs.papermc.io/paper/profiling
[16:24:26] [Server thread/INFO]: Server Ping Player Sample Count: 12
[16:24:26] [Server thread/INFO]: Using 4 threads for Netty based IO
[16:24:26] [Server thread/INFO]: [ChunkTaskScheduler] Chunk system is using 1 I/O threads, 1 worker threads, and population gen parallelism of 1 threads
[16:24:27] [Server thread/INFO]: Default game type: SURVIVAL
[16:24:27] [Server thread/INFO]: Generating keypair
[16:24:27] [Server thread/INFO]: Starting Minecraft server on *:25565
[16:24:27] [Server thread/INFO]: Using epoll channel type
[16:24:27] [Server thread/INFO]: Paper: Using libdeflate (Linux x86_64) compression from Velocity.
[16:24:27] [Server thread/INFO]: Paper: Using OpenSSL 3.0.x (Linux x86_64) cipher from Velocity.
[16:24:27] [Server thread/WARN]: **** SERVER IS RUNNING IN OFFLINE/INSECURE MODE!
[16:24:27] [Server thread/WARN]: The server will make no attempt to authenticate usernames. Beware.
[16:24:27] [Server thread/WARN]: While this makes the game possible to play without internet access, it also opens up the ability for hackers to connect with any username they choose.
[16:24:27] [Server thread/WARN]: To change this, set "online-mode" to "true" in the server.properties file.
[16:24:27] [Server thread/INFO]: Preparing level "world"
[16:24:37] [Server thread/INFO]: Preparing start region for dimension minecraft:overworld
[16:24:42] [Server thread/INFO]: Time elapsed: 4896 ms
[16:24:42] [Server thread/INFO]: Preparing start region for dimension minecraft:the_nether
[16:24:44] [Server thread/INFO]: Time elapsed: 1760 ms
[16:24:44] [Server thread/INFO]: Preparing start region for dimension minecraft:the_end
[16:24:45] [Server thread/INFO]: Time elapsed: 600 ms
[16:24:45] [Server thread/INFO]: [spark] Starting background profiler...
[16:24:45] [Server thread/INFO]: Done preparing level "world" (18.302s)
[16:24:45] [Server thread/INFO]: Running delayed init tasks
[16:24:45] [Server thread/INFO]: Done (30.938s)! For help, type "help"
[16:24:45] [Server thread/INFO]: *************************************************************************************
[16:24:45] [Server thread/INFO]: This is the first time you're starting this server.
[16:24:45] [Server thread/INFO]: It's recommended you read our 'Getting Started' documentation for guidance.
[16:24:45] [Server thread/INFO]: View this and more helpful information here: https://docs.papermc.io/paper/next-steps
[16:24:45] [Server thread/INFO]: *************************************************************************************
[16:24:45] [Server thread/INFO]: Timings Reset
